<?xml version="1.0" encoding="UTF-8"?>
<testsuite xmlns:xsi="http://www.w3.org/2001/XMLSchema-instance" xsi:noNamespaceSchemaLocation="https://maven.apache.org/surefire/maven-surefire-plugin/xsd/surefire-test-report.xsd" name="com.isrs.roster.test.OptaPlannerUnitTest" time="0.013" tests="1" errors="1" skipped="0" failures="0">
  <properties>
[...]
</properties>
  <testcase name="com.isrs.roster.test.OptaPlannerUnitTest" classname="com.isrs.roster.test.OptaPlannerUnitTest" time="0.011">
    <error message="Unresolved compilation problems: &#10;	The method getshiftrosterList() from the type ShiftSchedule refers to the missing type shiftroster&#10;	shiftroster cannot be resolved to a type&#10;" type="java.lang.Error">java.lang.Error: 
Unresolved compilation problems: 
	The method getshiftrosterList() from the type ShiftSchedule refers to the missing type shiftroster
	shiftroster cannot be resolved to a type

	at com.isrs.roster.test.OptaPlannerUnitTest.setUp(OptaPlannerUnitTest.java:22)
</error>
  </testcase>
</testsuite>